d:\more random stuff\dlsu stuff\college stuff now\gdgrap1\gdgrap1_assignments\project1\x64\debug\vc143.pdb
d:\more random stuff\dlsu stuff\college stuff now\gdgrap1\gdgrap1_assignments\project1\x64\debug\vc143.idb
d:\more random stuff\dlsu stuff\college stuff now\gdgrap1\gdgrap1_assignments\project1\x64\debug\glad.obj
d:\more random stuff\dlsu stuff\college stuff now\gdgrap1\gdgrap1_assignments\project1\x64\debug\models.obj
d:\more random stuff\dlsu stuff\college stuff now\gdgrap1\gdgrap1_assignments\project1\x64\debug\source.obj
d:\more random stuff\dlsu stuff\college stuff now\gdgrap1\gdgrap1_assignments\project1\x64\debug\skybox.obj
d:\more random stuff\dlsu stuff\college stuff now\gdgrap1\gdgrap1_assignments\x64\debug\shaders\sample.frag
d:\more random stuff\dlsu stuff\college stuff now\gdgrap1\gdgrap1_assignments\x64\debug\shaders\sample.vert
d:\more random stuff\dlsu stuff\college stuff now\gdgrap1\gdgrap1_assignments\x64\debug\shaders\skybox.frag
d:\more random stuff\dlsu stuff\college stuff now\gdgrap1\gdgrap1_assignments\x64\debug\project1.exe
d:\more random stuff\dlsu stuff\college stuff now\gdgrap1\gdgrap1_assignments\project1\x64\debug\project1.ilk
d:\more random stuff\dlsu stuff\college stuff now\gdgrap1\gdgrap1_assignments\x64\debug\project1.pdb
d:\more random stuff\dlsu stuff\college stuff now\gdgrap1\gdgrap1_assignments\project1\x64\debug\project1.tlog\cl.command.1.tlog
d:\more random stuff\dlsu stuff\college stuff now\gdgrap1\gdgrap1_assignments\project1\x64\debug\project1.tlog\cl.read.1.tlog
d:\more random stuff\dlsu stuff\college stuff now\gdgrap1\gdgrap1_assignments\project1\x64\debug\project1.tlog\cl.write.1.tlog
d:\more random stuff\dlsu stuff\college stuff now\gdgrap1\gdgrap1_assignments\project1\x64\debug\project1.tlog\copyfile.command.1.tlog
d:\more random stuff\dlsu stuff\college stuff now\gdgrap1\gdgrap1_assignments\project1\x64\debug\project1.tlog\copyfile.read.1.tlog
d:\more random stuff\dlsu stuff\college stuff now\gdgrap1\gdgrap1_assignments\project1\x64\debug\project1.tlog\copyfile.write.1.tlog
d:\more random stuff\dlsu stuff\college stuff now\gdgrap1\gdgrap1_assignments\project1\x64\debug\project1.tlog\link-cvtres.read.1.tlog
d:\more random stuff\dlsu stuff\college stuff now\gdgrap1\gdgrap1_assignments\project1\x64\debug\project1.tlog\link-cvtres.write.1.tlog
d:\more random stuff\dlsu stuff\college stuff now\gdgrap1\gdgrap1_assignments\project1\x64\debug\project1.tlog\link-rc.read.1.tlog
d:\more random stuff\dlsu stuff\college stuff now\gdgrap1\gdgrap1_assignments\project1\x64\debug\project1.tlog\link-rc.write.1.tlog
d:\more random stuff\dlsu stuff\college stuff now\gdgrap1\gdgrap1_assignments\project1\x64\debug\project1.tlog\link.3844-cvtres.read.1.tlog
d:\more random stuff\dlsu stuff\college stuff now\gdgrap1\gdgrap1_assignments\project1\x64\debug\project1.tlog\link.3844-cvtres.write.1.tlog
d:\more random stuff\dlsu stuff\college stuff now\gdgrap1\gdgrap1_assignments\project1\x64\debug\project1.tlog\link.3844-rc.read.1.tlog
d:\more random stuff\dlsu stuff\college stuff now\gdgrap1\gdgrap1_assignments\project1\x64\debug\project1.tlog\link.3844-rc.write.1.tlog
d:\more random stuff\dlsu stuff\college stuff now\gdgrap1\gdgrap1_assignments\project1\x64\debug\project1.tlog\link.3844.read.1.tlog
d:\more random stuff\dlsu stuff\college stuff now\gdgrap1\gdgrap1_assignments\project1\x64\debug\project1.tlog\link.3844.read.2.tlog
d:\more random stuff\dlsu stuff\college stuff now\gdgrap1\gdgrap1_assignments\project1\x64\debug\project1.tlog\link.3844.write.1.tlog
d:\more random stuff\dlsu stuff\college stuff now\gdgrap1\gdgrap1_assignments\project1\x64\debug\project1.tlog\link.command.1.tlog
d:\more random stuff\dlsu stuff\college stuff now\gdgrap1\gdgrap1_assignments\project1\x64\debug\project1.tlog\link.read.1.tlog
d:\more random stuff\dlsu stuff\college stuff now\gdgrap1\gdgrap1_assignments\project1\x64\debug\project1.tlog\link.read.2.tlog
d:\more random stuff\dlsu stuff\college stuff now\gdgrap1\gdgrap1_assignments\project1\x64\debug\project1.tlog\link.write.1.tlog
